============================================================================================== 
Warning! Mixing Conda and module environments may lead to corruption of the
user environment. 
We do not recommend users mixing those two environments unless absolutely
necessary. Note that 
SURF does not provide any support for Conda environment.
For more information, please refer to our software policy page:
https://servicedesk.surf.nl/wiki/display/WIKI/Software+policy+Snellius#SoftwarepolicySnellius-UseofAnacondaandMinicondaenvironmentsonSnellius 

Remember that many packages have already been installed on the system and can
be loaded using 
the 'module load <package__name>' command. If you are uncertain if a package is
already available 
on the system, please use 'module avail' or 'module spider' to search for it.
============================================================================================== 
[rank: 0] Seed set to 0
GPU available: True (cuda), used: True
TPU available: False, using: 0 TPU cores
HPU available: False, using: 0 HPUs
You are using a CUDA device ('NVIDIA A100-SXM4-40GB MIG 3g.20gb') that has Tensor Cores. To properly utilize them, you should set `torch.set_float32_matmul_precision('medium' | 'high')` which will trade-off precision for performance. For more details, read https://pytorch.org/docs/stable/generated/torch.set_float32_matmul_precision.html#torch.set_float32_matmul_precision
LOCAL_RANK: 0 - CUDA_VISIBLE_DEVICES: [MIG-c4bab937-e9ee-5290-a9db-ca25cfb0cf9d]
Namespace(txt_file='./assets/book_EN_grimms_fairy_tales.txt', model_type='gpt-mini', block_size=128, use_pretrained=False, abs_emb=False, train_batch_size=128, generate_batch_size=5, generate_every_n_steps=1000, learning_rate=0.0005, weight_decay=0.1, betas=(0.9, 0.95), num_epochs=5, clip_grad_norm=1.0, log_dir='./logs', seed=0, num_workers=8, progress_bar=False, use_flash_attn=False, precision='32', compile=True, pretrained_tokenizer=False, device='cuda')
data has 540241 characters, 87 unique.
True False
number of parameters: 10.73M
running on device cpu
Finding best initial lr:   0%|          | 0/100 [00:00<?, ?it/s]Traceback (most recent call last):
  File "/gpfs/home6/scur2773/uvadlc_practicals_2024/assignment2/part2/train.py", line 209, in <module>
    train(args=args)
  File "/gpfs/home6/scur2773/uvadlc_practicals_2024/assignment2/part2/train.py", line 202, in train
    trainer.fit(lightning_model)
  File "/home/scur2773/.conda/envs/dl2024/lib/python3.12/site-packages/pytorch_lightning/trainer/trainer.py", line 538, in fit
    call._call_and_handle_interrupt(
  File "/home/scur2773/.conda/envs/dl2024/lib/python3.12/site-packages/pytorch_lightning/trainer/call.py", line 47, in _call_and_handle_interrupt
    return trainer_fn(*args, **kwargs)
           ^^^^^^^^^^^^^^^^^^^^^^^^^^^
  File "/home/scur2773/.conda/envs/dl2024/lib/python3.12/site-packages/pytorch_lightning/trainer/trainer.py", line 574, in _fit_impl
    self._run(model, ckpt_path=ckpt_path)
  File "/home/scur2773/.conda/envs/dl2024/lib/python3.12/site-packages/pytorch_lightning/trainer/trainer.py", line 961, in _run
    call._call_callback_hooks(self, "on_fit_start")
  File "/home/scur2773/.conda/envs/dl2024/lib/python3.12/site-packages/pytorch_lightning/trainer/call.py", line 218, in _call_callback_hooks
    fn(trainer, trainer.lightning_module, *args, **kwargs)
  File "/home/scur2773/.conda/envs/dl2024/lib/python3.12/site-packages/pytorch_lightning/callbacks/lr_finder.py", line 130, in on_fit_start
    self.lr_find(trainer, pl_module)
  File "/home/scur2773/.conda/envs/dl2024/lib/python3.12/site-packages/pytorch_lightning/callbacks/lr_finder.py", line 113, in lr_find
    self.optimal_lr = _lr_find(
                      ^^^^^^^^^
  File "/home/scur2773/.conda/envs/dl2024/lib/python3.12/site-packages/pytorch_lightning/tuner/lr_finder.py", line 278, in _lr_find
    _try_loop_run(trainer, params)
  File "/home/scur2773/.conda/envs/dl2024/lib/python3.12/site-packages/pytorch_lightning/tuner/lr_finder.py", line 523, in _try_loop_run
    loop.run()
  File "/home/scur2773/.conda/envs/dl2024/lib/python3.12/site-packages/pytorch_lightning/loops/fit_loop.py", line 205, in run
    self.advance()
  File "/home/scur2773/.conda/envs/dl2024/lib/python3.12/site-packages/pytorch_lightning/loops/fit_loop.py", line 363, in advance
    self.epoch_loop.run(self._data_fetcher)
  File "/home/scur2773/.conda/envs/dl2024/lib/python3.12/site-packages/pytorch_lightning/loops/training_epoch_loop.py", line 140, in run
    self.advance(data_fetcher)
  File "/home/scur2773/.conda/envs/dl2024/lib/python3.12/site-packages/pytorch_lightning/loops/training_epoch_loop.py", line 250, in advance
    batch_output = self.automatic_optimization.run(trainer.optimizers[0], batch_idx, kwargs)
                   ^^^^^^^^^^^^^^^^^^^^^^^^^^^^^^^^^^^^^^^^^^^^^^^^^^^^^^^^^^^^^^^^^^^^^^^^^
  File "/home/scur2773/.conda/envs/dl2024/lib/python3.12/site-packages/pytorch_lightning/loops/optimization/automatic.py", line 190, in run
    self._optimizer_step(batch_idx, closure)
  File "/home/scur2773/.conda/envs/dl2024/lib/python3.12/site-packages/pytorch_lightning/loops/optimization/automatic.py", line 268, in _optimizer_step
    call._call_lightning_module_hook(
  File "/home/scur2773/.conda/envs/dl2024/lib/python3.12/site-packages/pytorch_lightning/trainer/call.py", line 167, in _call_lightning_module_hook
    output = fn(*args, **kwargs)
             ^^^^^^^^^^^^^^^^^^^
  File "/home/scur2773/.conda/envs/dl2024/lib/python3.12/site-packages/pytorch_lightning/core/module.py", line 1306, in optimizer_step
    optimizer.step(closure=optimizer_closure)
  File "/home/scur2773/.conda/envs/dl2024/lib/python3.12/site-packages/pytorch_lightning/core/optimizer.py", line 153, in step
    step_output = self._strategy.optimizer_step(self._optimizer, closure, **kwargs)
                  ^^^^^^^^^^^^^^^^^^^^^^^^^^^^^^^^^^^^^^^^^^^^^^^^^^^^^^^^^^^^^^^^^
  File "/home/scur2773/.conda/envs/dl2024/lib/python3.12/site-packages/pytorch_lightning/strategies/strategy.py", line 238, in optimizer_step
    return self.precision_plugin.optimizer_step(optimizer, model=model, closure=closure, **kwargs)
           ^^^^^^^^^^^^^^^^^^^^^^^^^^^^^^^^^^^^^^^^^^^^^^^^^^^^^^^^^^^^^^^^^^^^^^^^^^^^^^^^^^^^^^^
  File "/home/scur2773/.conda/envs/dl2024/lib/python3.12/site-packages/pytorch_lightning/plugins/precision/precision.py", line 122, in optimizer_step
    return optimizer.step(closure=closure, **kwargs)
           ^^^^^^^^^^^^^^^^^^^^^^^^^^^^^^^^^^^^^^^^^
  File "/home/scur2773/.conda/envs/dl2024/lib/python3.12/site-packages/torch/optim/lr_scheduler.py", line 137, in wrapper
    return func.__get__(opt, opt.__class__)(*args, **kwargs)
           ^^^^^^^^^^^^^^^^^^^^^^^^^^^^^^^^^^^^^^^^^^^^^^^^^
  File "/home/scur2773/.conda/envs/dl2024/lib/python3.12/site-packages/torch/optim/optimizer.py", line 487, in wrapper
    out = func(*args, **kwargs)
          ^^^^^^^^^^^^^^^^^^^^^
  File "/home/scur2773/.conda/envs/dl2024/lib/python3.12/site-packages/torch/optim/optimizer.py", line 91, in _use_grad
    ret = func(self, *args, **kwargs)
          ^^^^^^^^^^^^^^^^^^^^^^^^^^^
  File "/home/scur2773/.conda/envs/dl2024/lib/python3.12/site-packages/torch/optim/adamw.py", line 197, in step
    loss = closure()
           ^^^^^^^^^
  File "/home/scur2773/.conda/envs/dl2024/lib/python3.12/site-packages/pytorch_lightning/plugins/precision/precision.py", line 108, in _wrap_closure
    closure_result = closure()
                     ^^^^^^^^^
  File "/home/scur2773/.conda/envs/dl2024/lib/python3.12/site-packages/pytorch_lightning/loops/optimization/automatic.py", line 144, in __call__
    self._result = self.closure(*args, **kwargs)
                   ^^^^^^^^^^^^^^^^^^^^^^^^^^^^^
  File "/home/scur2773/.conda/envs/dl2024/lib/python3.12/site-packages/torch/utils/_contextlib.py", line 116, in decorate_context
    return func(*args, **kwargs)
           ^^^^^^^^^^^^^^^^^^^^^
  File "/home/scur2773/.conda/envs/dl2024/lib/python3.12/site-packages/pytorch_lightning/loops/optimization/automatic.py", line 129, in closure
    step_output = self._step_fn()
                  ^^^^^^^^^^^^^^^
  File "/home/scur2773/.conda/envs/dl2024/lib/python3.12/site-packages/pytorch_lightning/loops/optimization/automatic.py", line 317, in _training_step
    training_step_output = call._call_strategy_hook(trainer, "training_step", *kwargs.values())
                           ^^^^^^^^^^^^^^^^^^^^^^^^^^^^^^^^^^^^^^^^^^^^^^^^^^^^^^^^^^^^^^^^^^^^
  File "/home/scur2773/.conda/envs/dl2024/lib/python3.12/site-packages/pytorch_lightning/trainer/call.py", line 319, in _call_strategy_hook
    output = fn(*args, **kwargs)
             ^^^^^^^^^^^^^^^^^^^
  File "/home/scur2773/.conda/envs/dl2024/lib/python3.12/site-packages/pytorch_lightning/strategies/strategy.py", line 390, in training_step
    return self.lightning_module.training_step(*args, **kwargs)
           ^^^^^^^^^^^^^^^^^^^^^^^^^^^^^^^^^^^^^^^^^^^^^^^^^^^^
  File "/gpfs/home6/scur2773/uvadlc_practicals_2024/assignment2/part2/train.py", line 43, in training_step
    logits = self.forward(x)
             ^^^^^^^^^^^^^^^
  File "/gpfs/home6/scur2773/uvadlc_practicals_2024/assignment2/part2/train.py", line 39, in forward
    return self.model(x)
           ^^^^^^^^^^^^^
  File "/home/scur2773/.conda/envs/dl2024/lib/python3.12/site-packages/torch/nn/modules/module.py", line 1736, in _wrapped_call_impl
    return self._call_impl(*args, **kwargs)
           ^^^^^^^^^^^^^^^^^^^^^^^^^^^^^^^^
  File "/home/scur2773/.conda/envs/dl2024/lib/python3.12/site-packages/torch/nn/modules/module.py", line 1747, in _call_impl
    return forward_call(*args, **kwargs)
           ^^^^^^^^^^^^^^^^^^^^^^^^^^^^^
  File "/home/scur2773/.conda/envs/dl2024/lib/python3.12/site-packages/torch/_dynamo/eval_frame.py", line 465, in _fn
    return fn(*args, **kwargs)
           ^^^^^^^^^^^^^^^^^^^
  File "/home/scur2773/.conda/envs/dl2024/lib/python3.12/site-packages/torch/nn/modules/module.py", line 1736, in _wrapped_call_impl
    return self._call_impl(*args, **kwargs)
           ^^^^^^^^^^^^^^^^^^^^^^^^^^^^^^^^
  File "/home/scur2773/.conda/envs/dl2024/lib/python3.12/site-packages/torch/nn/modules/module.py", line 1747, in _call_impl
    return forward_call(*args, **kwargs)
           ^^^^^^^^^^^^^^^^^^^^^^^^^^^^^
  File "/home/scur2773/.conda/envs/dl2024/lib/python3.12/site-packages/torch/_dynamo/convert_frame.py", line 1269, in __call__
    return self._torchdynamo_orig_callable(
           ^^^^^^^^^^^^^^^^^^^^^^^^^^^^^^^^
  File "/home/scur2773/.conda/envs/dl2024/lib/python3.12/site-packages/torch/_dynamo/convert_frame.py", line 1064, in __call__
    result = self._inner_convert(
             ^^^^^^^^^^^^^^^^^^^^
  File "/home/scur2773/.conda/envs/dl2024/lib/python3.12/site-packages/torch/_dynamo/convert_frame.py", line 526, in __call__
    return _compile(
           ^^^^^^^^^
  File "/home/scur2773/.conda/envs/dl2024/lib/python3.12/site-packages/torch/_dynamo/convert_frame.py", line 924, in _compile
    guarded_code = compile_inner(code, one_graph, hooks, transform)
                   ^^^^^^^^^^^^^^^^^^^^^^^^^^^^^^^^^^^^^^^^^^^^^^^^
  File "/home/scur2773/.conda/envs/dl2024/lib/python3.12/site-packages/torch/_dynamo/convert_frame.py", line 666, in compile_inner
    return _compile_inner(code, one_graph, hooks, transform)
           ^^^^^^^^^^^^^^^^^^^^^^^^^^^^^^^^^^^^^^^^^^^^^^^^^
  File "/home/scur2773/.conda/envs/dl2024/lib/python3.12/site-packages/torch/_utils_internal.py", line 87, in wrapper_function
    return function(*args, **kwargs)
           ^^^^^^^^^^^^^^^^^^^^^^^^^
  File "/home/scur2773/.conda/envs/dl2024/lib/python3.12/site-packages/torch/_dynamo/convert_frame.py", line 699, in _compile_inner
    out_code = transform_code_object(code, transform)
               ^^^^^^^^^^^^^^^^^^^^^^^^^^^^^^^^^^^^^^
  File "/home/scur2773/.conda/envs/dl2024/lib/python3.12/site-packages/torch/_dynamo/bytecode_transformation.py", line 1322, in transform_code_object
    transformations(instructions, code_options)
  File "/home/scur2773/.conda/envs/dl2024/lib/python3.12/site-packages/torch/_dynamo/convert_frame.py", line 219, in _fn
    return fn(*args, **kwargs)
           ^^^^^^^^^^^^^^^^^^^
  File "/home/scur2773/.conda/envs/dl2024/lib/python3.12/site-packages/torch/_dynamo/convert_frame.py", line 634, in transform
    tracer.run()
  File "/home/scur2773/.conda/envs/dl2024/lib/python3.12/site-packages/torch/_dynamo/symbolic_convert.py", line 2796, in run
    super().run()
  File "/home/scur2773/.conda/envs/dl2024/lib/python3.12/site-packages/torch/_dynamo/symbolic_convert.py", line 983, in run
    while self.step():
          ^^^^^^^^^^^
  File "/home/scur2773/.conda/envs/dl2024/lib/python3.12/site-packages/torch/_dynamo/symbolic_convert.py", line 895, in step
    self.dispatch_table[inst.opcode](self, inst)
  File "/home/scur2773/.conda/envs/dl2024/lib/python3.12/site-packages/torch/_dynamo/symbolic_convert.py", line 582, in wrapper
    return inner_fn(self, inst)
           ^^^^^^^^^^^^^^^^^^^^
  File "/home/scur2773/.conda/envs/dl2024/lib/python3.12/site-packages/torch/_dynamo/symbolic_convert.py", line 2279, in CALL
    self._call(inst)
  File "/home/scur2773/.conda/envs/dl2024/lib/python3.12/site-packages/torch/_dynamo/symbolic_convert.py", line 2273, in _call
    self.call_function(fn, args, kwargs)
  File "/home/scur2773/.conda/envs/dl2024/lib/python3.12/site-packages/torch/_dynamo/symbolic_convert.py", line 830, in call_function
    self.push(fn.call_function(self, args, kwargs))  # type: ignore[arg-type]
              ^^^^^^^^^^^^^^^^^^^^^^^^^^^^^^^^^^^^
  File "/home/scur2773/.conda/envs/dl2024/lib/python3.12/site-packages/torch/_dynamo/variables/nn_module.py", line 899, in call_function
    return variables.UserFunctionVariable(fn, source=source).call_function(
           ^^^^^^^^^^^^^^^^^^^^^^^^^^^^^^^^^^^^^^^^^^^^^^^^^^^^^^^^^^^^^^^^
  File "/home/scur2773/.conda/envs/dl2024/lib/python3.12/site-packages/torch/_dynamo/variables/functions.py", line 324, in call_function
    return super().call_function(tx, args, kwargs)
           ^^^^^^^^^^^^^^^^^^^^^^^^^^^^^^^^^^^^^^^
  File "/home/scur2773/.conda/envs/dl2024/lib/python3.12/site-packages/torch/_dynamo/variables/functions.py", line 111, in call_function
    return tx.inline_user_function_return(self, [*self.self_args(), *args], kwargs)
           ^^^^^^^^^^^^^^^^^^^^^^^^^^^^^^^^^^^^^^^^^^^^^^^^^^^^^^^^^^^^^^^^^^^^^^^^
  File "/home/scur2773/.conda/envs/dl2024/lib/python3.12/site-packages/torch/_dynamo/symbolic_convert.py", line 836, in inline_user_function_return
    return InliningInstructionTranslator.inline_call(self, fn, args, kwargs)
           ^^^^^^^^^^^^^^^^^^^^^^^^^^^^^^^^^^^^^^^^^^^^^^^^^^^^^^^^^^^^^^^^^
  File "/home/scur2773/.conda/envs/dl2024/lib/python3.12/site-packages/torch/_dynamo/symbolic_convert.py", line 3011, in inline_call
    return cls.inline_call_(parent, func, args, kwargs)
           ^^^^^^^^^^^^^^^^^^^^^^^^^^^^^^^^^^^^^^^^^^^^
  File "/home/scur2773/.conda/envs/dl2024/lib/python3.12/site-packages/torch/_dynamo/symbolic_convert.py", line 3139, in inline_call_
    tracer.run()
  File "/home/scur2773/.conda/envs/dl2024/lib/python3.12/site-packages/torch/_dynamo/symbolic_convert.py", line 983, in run
    while self.step():
          ^^^^^^^^^^^
  File "/home/scur2773/.conda/envs/dl2024/lib/python3.12/site-packages/torch/_dynamo/symbolic_convert.py", line 895, in step
    self.dispatch_table[inst.opcode](self, inst)
  File "/home/scur2773/.conda/envs/dl2024/lib/python3.12/site-packages/torch/_dynamo/symbolic_convert.py", line 582, in wrapper
    return inner_fn(self, inst)
           ^^^^^^^^^^^^^^^^^^^^
  File "/home/scur2773/.conda/envs/dl2024/lib/python3.12/site-packages/torch/_dynamo/symbolic_convert.py", line 2279, in CALL
    self._call(inst)
  File "/home/scur2773/.conda/envs/dl2024/lib/python3.12/site-packages/torch/_dynamo/symbolic_convert.py", line 2273, in _call
    self.call_function(fn, args, kwargs)
  File "/home/scur2773/.conda/envs/dl2024/lib/python3.12/site-packages/torch/_dynamo/symbolic_convert.py", line 830, in call_function
    self.push(fn.call_function(self, args, kwargs))  # type: ignore[arg-type]
              ^^^^^^^^^^^^^^^^^^^^^^^^^^^^^^^^^^^^
  File "/home/scur2773/.conda/envs/dl2024/lib/python3.12/site-packages/torch/_dynamo/variables/lazy.py", line 156, in realize_and_forward
    return getattr(self.realize(), name)(*args, **kwargs)
           ^^^^^^^^^^^^^^^^^^^^^^^^^^^^^^^^^^^^^^^^^^^^^^
  File "/home/scur2773/.conda/envs/dl2024/lib/python3.12/site-packages/torch/_dynamo/variables/nn_module.py", line 899, in call_function
    return variables.UserFunctionVariable(fn, source=source).call_function(
           ^^^^^^^^^^^^^^^^^^^^^^^^^^^^^^^^^^^^^^^^^^^^^^^^^^^^^^^^^^^^^^^^
  File "/home/scur2773/.conda/envs/dl2024/lib/python3.12/site-packages/torch/_dynamo/variables/functions.py", line 324, in call_function
    return super().call_function(tx, args, kwargs)
           ^^^^^^^^^^^^^^^^^^^^^^^^^^^^^^^^^^^^^^^
  File "/home/scur2773/.conda/envs/dl2024/lib/python3.12/site-packages/torch/_dynamo/variables/functions.py", line 111, in call_function
    return tx.inline_user_function_return(self, [*self.self_args(), *args], kwargs)
           ^^^^^^^^^^^^^^^^^^^^^^^^^^^^^^^^^^^^^^^^^^^^^^^^^^^^^^^^^^^^^^^^^^^^^^^^
  File "/home/scur2773/.conda/envs/dl2024/lib/python3.12/site-packages/torch/_dynamo/symbolic_convert.py", line 836, in inline_user_function_return
    return InliningInstructionTranslator.inline_call(self, fn, args, kwargs)
           ^^^^^^^^^^^^^^^^^^^^^^^^^^^^^^^^^^^^^^^^^^^^^^^^^^^^^^^^^^^^^^^^^
  File "/home/scur2773/.conda/envs/dl2024/lib/python3.12/site-packages/torch/_dynamo/symbolic_convert.py", line 3011, in inline_call
    return cls.inline_call_(parent, func, args, kwargs)
           ^^^^^^^^^^^^^^^^^^^^^^^^^^^^^^^^^^^^^^^^^^^^
  File "/home/scur2773/.conda/envs/dl2024/lib/python3.12/site-packages/torch/_dynamo/symbolic_convert.py", line 3139, in inline_call_
    tracer.run()
  File "/home/scur2773/.conda/envs/dl2024/lib/python3.12/site-packages/torch/_dynamo/symbolic_convert.py", line 983, in run
    while self.step():
          ^^^^^^^^^^^
  File "/home/scur2773/.conda/envs/dl2024/lib/python3.12/site-packages/torch/_dynamo/symbolic_convert.py", line 895, in step
    self.dispatch_table[inst.opcode](self, inst)
  File "/home/scur2773/.conda/envs/dl2024/lib/python3.12/site-packages/torch/_dynamo/symbolic_convert.py", line 582, in wrapper
    return inner_fn(self, inst)
           ^^^^^^^^^^^^^^^^^^^^
  File "/home/scur2773/.conda/envs/dl2024/lib/python3.12/site-packages/torch/_dynamo/symbolic_convert.py", line 2279, in CALL
    self._call(inst)
  File "/home/scur2773/.conda/envs/dl2024/lib/python3.12/site-packages/torch/_dynamo/symbolic_convert.py", line 2273, in _call
    self.call_function(fn, args, kwargs)
  File "/home/scur2773/.conda/envs/dl2024/lib/python3.12/site-packages/torch/_dynamo/symbolic_convert.py", line 830, in call_function
    self.push(fn.call_function(self, args, kwargs))  # type: ignore[arg-type]
              ^^^^^^^^^^^^^^^^^^^^^^^^^^^^^^^^^^^^
  File "/home/scur2773/.conda/envs/dl2024/lib/python3.12/site-packages/torch/_dynamo/variables/functions.py", line 385, in call_function
    return super().call_function(tx, args, kwargs)
           ^^^^^^^^^^^^^^^^^^^^^^^^^^^^^^^^^^^^^^^
  File "/home/scur2773/.conda/envs/dl2024/lib/python3.12/site-packages/torch/_dynamo/variables/functions.py", line 324, in call_function
    return super().call_function(tx, args, kwargs)
           ^^^^^^^^^^^^^^^^^^^^^^^^^^^^^^^^^^^^^^^
  File "/home/scur2773/.conda/envs/dl2024/lib/python3.12/site-packages/torch/_dynamo/variables/functions.py", line 111, in call_function
    return tx.inline_user_function_return(self, [*self.self_args(), *args], kwargs)
           ^^^^^^^^^^^^^^^^^^^^^^^^^^^^^^^^^^^^^^^^^^^^^^^^^^^^^^^^^^^^^^^^^^^^^^^^
  File "/home/scur2773/.conda/envs/dl2024/lib/python3.12/site-packages/torch/_dynamo/symbolic_convert.py", line 836, in inline_user_function_return
    return InliningInstructionTranslator.inline_call(self, fn, args, kwargs)
           ^^^^^^^^^^^^^^^^^^^^^^^^^^^^^^^^^^^^^^^^^^^^^^^^^^^^^^^^^^^^^^^^^
  File "/home/scur2773/.conda/envs/dl2024/lib/python3.12/site-packages/torch/_dynamo/symbolic_convert.py", line 3011, in inline_call
    return cls.inline_call_(parent, func, args, kwargs)
           ^^^^^^^^^^^^^^^^^^^^^^^^^^^^^^^^^^^^^^^^^^^^
  File "/home/scur2773/.conda/envs/dl2024/lib/python3.12/site-packages/torch/_dynamo/symbolic_convert.py", line 3139, in inline_call_
    tracer.run()
  File "/home/scur2773/.conda/envs/dl2024/lib/python3.12/site-packages/torch/_dynamo/symbolic_convert.py", line 983, in run
    while self.step():
          ^^^^^^^^^^^
  File "/home/scur2773/.conda/envs/dl2024/lib/python3.12/site-packages/torch/_dynamo/symbolic_convert.py", line 895, in step
    self.dispatch_table[inst.opcode](self, inst)
  File "/home/scur2773/.conda/envs/dl2024/lib/python3.12/site-packages/torch/_dynamo/symbolic_convert.py", line 582, in wrapper
    return inner_fn(self, inst)
           ^^^^^^^^^^^^^^^^^^^^
  File "/home/scur2773/.conda/envs/dl2024/lib/python3.12/site-packages/torch/_dynamo/symbolic_convert.py", line 2279, in CALL
    self._call(inst)
  File "/home/scur2773/.conda/envs/dl2024/lib/python3.12/site-packages/torch/_dynamo/symbolic_convert.py", line 2273, in _call
    self.call_function(fn, args, kwargs)
  File "/home/scur2773/.conda/envs/dl2024/lib/python3.12/site-packages/torch/_dynamo/symbolic_convert.py", line 830, in call_function
    self.push(fn.call_function(self, args, kwargs))  # type: ignore[arg-type]
              ^^^^^^^^^^^^^^^^^^^^^^^^^^^^^^^^^^^^
  File "/home/scur2773/.conda/envs/dl2024/lib/python3.12/site-packages/torch/_dynamo/variables/torch.py", line 897, in call_function
    tensor_variable = wrap_fx_proxy(
                      ^^^^^^^^^^^^^^
  File "/home/scur2773/.conda/envs/dl2024/lib/python3.12/site-packages/torch/_dynamo/variables/builder.py", line 2037, in wrap_fx_proxy
    return wrap_fx_proxy_cls(target_cls=TensorVariable, **kwargs)
           ^^^^^^^^^^^^^^^^^^^^^^^^^^^^^^^^^^^^^^^^^^^^^^^^^^^^^^
  File "/home/scur2773/.conda/envs/dl2024/lib/python3.12/site-packages/torch/_dynamo/variables/builder.py", line 2124, in wrap_fx_proxy_cls
    example_value = get_fake_value(proxy.node, tx, allow_non_graph_fake=True)
                    ^^^^^^^^^^^^^^^^^^^^^^^^^^^^^^^^^^^^^^^^^^^^^^^^^^^^^^^^^
  File "/home/scur2773/.conda/envs/dl2024/lib/python3.12/site-packages/torch/_dynamo/utils.py", line 2082, in get_fake_value
    raise TorchRuntimeError(str(e)).with_traceback(e.__traceback__) from None
  File "/home/scur2773/.conda/envs/dl2024/lib/python3.12/site-packages/torch/_dynamo/utils.py", line 2017, in get_fake_value
    ret_val = wrap_fake_exception(
              ^^^^^^^^^^^^^^^^^^^^
  File "/home/scur2773/.conda/envs/dl2024/lib/python3.12/site-packages/torch/_dynamo/utils.py", line 1574, in wrap_fake_exception
    return fn()
           ^^^^
  File "/home/scur2773/.conda/envs/dl2024/lib/python3.12/site-packages/torch/_dynamo/utils.py", line 2018, in <lambda>
    lambda: run_node(tx.output, node, args, kwargs, nnmodule)
            ^^^^^^^^^^^^^^^^^^^^^^^^^^^^^^^^^^^^^^^^^^^^^^^^^
  File "/home/scur2773/.conda/envs/dl2024/lib/python3.12/site-packages/torch/_dynamo/utils.py", line 2150, in run_node
    raise RuntimeError(make_error_message(e)).with_traceback(
  File "/home/scur2773/.conda/envs/dl2024/lib/python3.12/site-packages/torch/_dynamo/utils.py", line 2132, in run_node
    return node.target(*args, **kwargs)
           ^^^^^^^^^^^^^^^^^^^^^^^^^^^^
  File "/home/scur2773/.conda/envs/dl2024/lib/python3.12/site-packages/torch/functional.py", line 402, in einsum
    return _VF.einsum(equation, operands)  # type: ignore[attr-defined]
           ^^^^^^^^^^^^^^^^^^^^^^^^^^^^^^
  File "/home/scur2773/.conda/envs/dl2024/lib/python3.12/site-packages/torch/utils/_stats.py", line 21, in wrapper
    return fn(*args, **kwargs)
           ^^^^^^^^^^^^^^^^^^^
  File "/home/scur2773/.conda/envs/dl2024/lib/python3.12/site-packages/torch/_subclasses/fake_tensor.py", line 1238, in __torch_dispatch__
    return self.dispatch(func, types, args, kwargs)
           ^^^^^^^^^^^^^^^^^^^^^^^^^^^^^^^^^^^^^^^^
  File "/home/scur2773/.conda/envs/dl2024/lib/python3.12/site-packages/torch/_subclasses/fake_tensor.py", line 1692, in dispatch
    return self._cached_dispatch_impl(func, types, args, kwargs)
           ^^^^^^^^^^^^^^^^^^^^^^^^^^^^^^^^^^^^^^^^^^^^^^^^^^^^^
  File "/home/scur2773/.conda/envs/dl2024/lib/python3.12/site-packages/torch/_subclasses/fake_tensor.py", line 1339, in _cached_dispatch_impl
    output = self._dispatch_impl(func, types, args, kwargs)
             ^^^^^^^^^^^^^^^^^^^^^^^^^^^^^^^^^^^^^^^^^^^^^^
  File "/home/scur2773/.conda/envs/dl2024/lib/python3.12/site-packages/torch/_subclasses/fake_tensor.py", line 2021, in _dispatch_impl
    self.wrap_meta_outputs_with_default_device_logic(
  File "/home/scur2773/.conda/envs/dl2024/lib/python3.12/site-packages/torch/_subclasses/fake_tensor.py", line 2143, in wrap_meta_outputs_with_default_device_logic
    return tree_map(wrap, r)
           ^^^^^^^^^^^^^^^^^
  File "/home/scur2773/.conda/envs/dl2024/lib/python3.12/site-packages/torch/utils/_pytree.py", line 964, in tree_map
    return treespec.unflatten(map(func, *flat_args))
           ^^^^^^^^^^^^^^^^^^^^^^^^^^^^^^^^^^^^^^^^^
  File "/home/scur2773/.conda/envs/dl2024/lib/python3.12/site-packages/torch/utils/_pytree.py", line 803, in unflatten
    leaves = list(leaves)
             ^^^^^^^^^^^^
  File "/home/scur2773/.conda/envs/dl2024/lib/python3.12/site-packages/torch/_subclasses/fake_tensor.py", line 2121, in wrap
    ) = FakeTensor._find_common_device(func, flat_args)
        ^^^^^^^^^^^^^^^^^^^^^^^^^^^^^^^^^^^^^^^^^^^^^^^
  File "/home/scur2773/.conda/envs/dl2024/lib/python3.12/site-packages/torch/_subclasses/fake_tensor.py", line 872, in _find_common_device
    merge_devices(arg)
  File "/home/scur2773/.conda/envs/dl2024/lib/python3.12/site-packages/torch/_subclasses/fake_tensor.py", line 867, in merge_devices
    raise RuntimeError(
torch._dynamo.exc.TorchRuntimeError: Failed running call_function <function einsum at 0x1512bbc6c5e0>(*('i,j->ij', FakeTensor(..., device='cuda:0', size=(128,)), FakeTensor(..., size=(32,))), **{}):
Unhandled FakeTensor Device Propagation for aten.mul.Tensor, found two different devices cuda:0, cpu

from user code:
   File "/gpfs/home6/scur2773/uvadlc_practicals_2024/assignment2/part2/gpt.py", line 444, in forward
    x = block(x)    # Shape remains (b, t, n_embd)
  File "/gpfs/home6/scur2773/uvadlc_practicals_2024/assignment2/part2/gpt.py", line 223, in forward
    out = x + self.attn(self.ln1(x))  # Shape: (B, T, C)
  File "/gpfs/home6/scur2773/uvadlc_practicals_2024/assignment2/part2/gpt.py", line 154, in forward
    q, k = self.apply_rotary_emb(q, k, T)
  File "/gpfs/home6/scur2773/uvadlc_practicals_2024/assignment2/part2/gpt.py", line 118, in apply_rotary_emb
    freqs = torch.einsum("i,j->ij", seq_pos.squeeze(), self.inv_freq)  # Shape: (T, dim // 2)

Set TORCH_LOGS="+dynamo" and TORCHDYNAMO_VERBOSE=1 for more information


You can suppress this exception and fall back to eager by setting:
    import torch._dynamo
    torch._dynamo.config.suppress_errors = True

Finding best initial lr:   0%|          | 0/100 [00:00<?, ?it/s]
srun: error: gcn3: task 0: Exited with exit code 1
srun: Terminating StepId=8692066.0

JOB STATISTICS
==============
Job ID: 8692066
Cluster: snellius
User/Group: scur2773/scur2773
State: FAILED (exit code 1)
Nodes: 1
Cores per node: 9
CPU Utilized: 00:00:14
CPU Efficiency: 6.76% of 00:03:27 core-walltime
Job Wall-clock time: 00:00:23
Memory Utilized: 2.05 MB
Memory Efficiency: 0.00% of 60.00 GB
