============================================================================================== 
Warning! Mixing Conda and module environments may lead to corruption of the
user environment. 
We do not recommend users mixing those two environments unless absolutely
necessary. Note that 
SURF does not provide any support for Conda environment.
For more information, please refer to our software policy page:
https://servicedesk.surf.nl/wiki/display/WIKI/Software+policy+Snellius#SoftwarepolicySnellius-UseofAnacondaandMinicondaenvironmentsonSnellius 

Remember that many packages have already been installed on the system and can
be loaded using 
the 'module load <package__name>' command. If you are uncertain if a package is
already available 
on the system, please use 'module avail' or 'module spider' to search for it.
============================================================================================== 
test_mean_std (__main__.TestKLD.test_mean_std) ... ok
test_multivariate (__main__.TestKLD.test_multivariate) ... ok
test_normal_dist (__main__.TestKLD.test_normal_dist) ... ok
test_std (__main__.TestKLD.test_std) ... ok
test_symmetry (__main__.TestKLD.test_symmetry) ... ok

----------------------------------------------------------------------
Ran 5 tests in 0.026s

OK
test_distribution (__main__.TestReparameterization.test_distribution) ... ok
test_gradients (__main__.TestReparameterization.test_gradients) ... ok

----------------------------------------------------------------------
Ran 2 tests in 0.106s

OK
test_random_image_shape (__main__.TestBPD.test_random_image_shape) ... ok

----------------------------------------------------------------------
Ran 1 test in 0.009s

OK
test_decoder (__main__.TestCNNEncoderDecoder.test_decoder) ... ok
test_encoder (__main__.TestCNNEncoderDecoder.test_encoder) ... ok

----------------------------------------------------------------------
Ran 2 tests in 0.119s

OK
test_forward (__main__.TestVAE.test_forward) ... ok

----------------------------------------------------------------------
Ran 1 test in 0.014s

OK

JOB STATISTICS
==============
Job ID: 9044247
Cluster: snellius
User/Group: scur2773/scur2773
State: COMPLETED (exit code 0)
Nodes: 1
Cores per node: 9
CPU Utilized: 00:00:08
CPU Efficiency: 5.23% of 00:02:33 core-walltime
Job Wall-clock time: 00:00:17
Memory Utilized: 2.51 MB
Memory Efficiency: 0.01% of 31.25 GB
